<?xml version="1.0" encoding="UTF-8"?>
<coverage generated="1660769278308" clover="3.2.0">
  <project timestamp="1660769278308" name="All files">
    <metrics statements="27" coveredstatements="27" conditionals="5" coveredconditionals="5" methods="12" coveredmethods="12" elements="44" coveredelements="44" complexity="0" loc="27" ncloc="27" packages="2" files="2" classes="2"/>
    <package name="controllers">
      <metrics statements="22" coveredstatements="22" conditionals="5" coveredconditionals="5" methods="9" coveredmethods="9"/>
      <file name="payment.controller.js" path="/Users/naranjax/Workspaces/naranjax/academy/academy-unit-test/controllers/payment.controller.js">
        <metrics statements="22" coveredstatements="22" conditionals="5" coveredconditionals="5" methods="9" coveredmethods="9"/>
        <line num="1" count="1" type="stmt"/>
        <line num="4" count="1" type="stmt"/>
        <line num="5" count="1" type="stmt"/>
        <line num="9" count="1" type="stmt"/>
        <line num="10" count="1" type="stmt"/>
        <line num="14" count="1" type="stmt"/>
        <line num="15" count="1" type="stmt"/>
        <line num="16" count="8" type="stmt"/>
        <line num="19" count="1" type="stmt"/>
        <line num="20" count="1" type="stmt"/>
        <line num="27" count="1" type="stmt"/>
        <line num="28" count="1" type="stmt"/>
        <line num="30" count="1" type="stmt"/>
        <line num="31" count="8" type="cond" truecount="2" falsecount="0"/>
        <line num="32" count="2" type="stmt"/>
        <line num="34" count="6" type="stmt"/>
        <line num="38" count="1" type="stmt"/>
        <line num="42" count="2" type="stmt"/>
        <line num="44" count="2" type="stmt"/>
        <line num="45" count="23" type="cond" truecount="2" falsecount="0"/>
        <line num="50" count="2" type="stmt"/>
        <line num="53" count="1" type="stmt"/>
      </file>
    </package>
    <package name="services">
      <metrics statements="5" coveredstatements="5" conditionals="0" coveredconditionals="0" methods="3" coveredmethods="3"/>
      <file name="payment.service.js" path="/Users/naranjax/Workspaces/naranjax/academy/academy-unit-test/services/payment.service.js">
        <metrics statements="5" coveredstatements="5" conditionals="0" coveredconditionals="0" methods="3" coveredmethods="3"/>
        <line num="1" count="2" type="stmt"/>
        <line num="4" count="1" type="stmt"/>
        <line num="8" count="1" type="stmt"/>
        <line num="12" count="1" type="stmt"/>
        <line num="15" count="2" type="stmt"/>
      </file>
    </package>
  </project>
</coverage>
