{"/Users/naranjax/Workspaces/naranjax/academy/academy-unit-test/controllers/payment.controller.js": {"path":"/Users/naranjax/Workspaces/naranjax/academy/academy-unit-test/controllers/payment.controller.js","statementMap":{"0":{"start":{"line":1,"column":24},"end":{"line":1,"column":62}},"1":{"start":{"line":4,"column":2},"end":{"line":4,"column":33}},"2":{"start":{"line":5,"column":2},"end":{"line":5,"column":31}},"3":{"start":{"line":9,"column":19},"end":{"line":9,"column":48}},"4":{"start":{"line":10,"column":2},"end":{"line":10,"column":55}},"5":{"start":{"line":10,"column":36},"end":{"line":10,"column":53}},"6":{"start":{"line":14,"column":19},"end":{"line":14,"column":48}},"7":{"start":{"line":15,"column":16},"end":{"line":18,"column":3}},"8":{"start":{"line":16,"column":27},"end":{"line":16,"column":52}},"9":{"start":{"line":19,"column":16},"end":{"line":19,"column":31}},"10":{"start":{"line":20,"column":2},"end":{"line":23,"column":4}},"11":{"start":{"line":27,"column":19},"end":{"line":27,"column":48}},"12":{"start":{"line":28,"column":24},"end":{"line":28,"column":26}},"13":{"start":{"line":30,"column":2},"end":{"line":36,"column":5}},"14":{"start":{"line":31,"column":4},"end":{"line":35,"column":5}},"15":{"start":{"line":32,"column":6},"end":{"line":32,"column":57}},"16":{"start":{"line":34,"column":6},"end":{"line":34,"column":59}},"17":{"start":{"line":38,"column":2},"end":{"line":38,"column":23}},"18":{"start":{"line":42,"column":19},"end":{"line":42,"column":48}},"19":{"start":{"line":44,"column":2},"end":{"line":48,"column":5}},"20":{"start":{"line":45,"column":4},"end":{"line":47,"column":51}},"21":{"start":{"line":50,"column":2},"end":{"line":50,"column":18}},"22":{"start":{"line":53,"column":0},"end":{"line":59,"column":2}}},"fnMap":{"0":{"name":"createPayment","decl":{"start":{"line":3,"column":9},"end":{"line":3,"column":22}},"loc":{"start":{"line":3,"column":29},"end":{"line":6,"column":1}},"line":3},"1":{"name":"getPaymentById","decl":{"start":{"line":8,"column":9},"end":{"line":8,"column":23}},"loc":{"start":{"line":8,"column":28},"end":{"line":11,"column":1}},"line":8},"2":{"name":"(anonymous_2)","decl":{"start":{"line":10,"column":23},"end":{"line":10,"column":24}},"loc":{"start":{"line":10,"column":36},"end":{"line":10,"column":53}},"line":10},"3":{"name":"getSummary","decl":{"start":{"line":13,"column":9},"end":{"line":13,"column":19}},"loc":{"start":{"line":13,"column":22},"end":{"line":24,"column":1}},"line":13},"4":{"name":"(anonymous_4)","decl":{"start":{"line":16,"column":4},"end":{"line":16,"column":5}},"loc":{"start":{"line":16,"column":27},"end":{"line":16,"column":52}},"line":16},"5":{"name":"getPaymentGroupedByPaymentGateway","decl":{"start":{"line":26,"column":9},"end":{"line":26,"column":42}},"loc":{"start":{"line":26,"column":45},"end":{"line":39,"column":1}},"line":26},"6":{"name":"(anonymous_6)","decl":{"start":{"line":30,"column":19},"end":{"line":30,"column":20}},"loc":{"start":{"line":30,"column":32},"end":{"line":36,"column":3}},"line":30},"7":{"name":"sortPaymentsByAmount","decl":{"start":{"line":41,"column":9},"end":{"line":41,"column":29}},"loc":{"start":{"line":41,"column":42},"end":{"line":51,"column":1}},"line":41},"8":{"name":"(anonymous_8)","decl":{"start":{"line":44,"column":16},"end":{"line":44,"column":17}},"loc":{"start":{"line":44,"column":49},"end":{"line":48,"column":3}},"line":44}},"branchMap":{"0":{"loc":{"start":{"line":31,"column":4},"end":{"line":35,"column":5}},"type":"if","locations":[{"start":{"line":31,"column":4},"end":{"line":35,"column":5}},{"start":{"line":33,"column":11},"end":{"line":35,"column":5}}],"line":31},"1":{"loc":{"start":{"line":41,"column":30},"end":{"line":41,"column":40}},"type":"default-arg","locations":[{"start":{"line":41,"column":36},"end":{"line":41,"column":40}}],"line":41},"2":{"loc":{"start":{"line":45,"column":11},"end":{"line":47,"column":50}},"type":"cond-expr","locations":[{"start":{"line":46,"column":8},"end":{"line":46,"column":50}},{"start":{"line":47,"column":8},"end":{"line":47,"column":50}}],"line":45}},"s":{"0":1,"1":1,"2":1,"3":1,"4":1,"5":1,"6":1,"7":1,"8":8,"9":1,"10":1,"11":1,"12":1,"13":1,"14":8,"15":2,"16":6,"17":1,"18":2,"19":2,"20":23,"21":2,"22":1},"f":{"0":1,"1":1,"2":1,"3":1,"4":8,"5":1,"6":8,"7":2,"8":23},"b":{"0":[2,6],"1":[1],"2":[16,7]},"_coverageSchema":"1a1c01bbd47fc00a2c39e90264f33305004495a9","hash":"ec3ebd94823741677dd8801723dc8b7ede0aed2e"}
,"/Users/naranjax/Workspaces/naranjax/academy/academy-unit-test/services/payment.service.js": {"path":"/Users/naranjax/Workspaces/naranjax/academy/academy-unit-test/services/payment.service.js","statementMap":{"0":{"start":{"line":1,"column":17},"end":{"line":1,"column":50}},"1":{"start":{"line":4,"column":2},"end":{"line":4,"column":18}},"2":{"start":{"line":8,"column":2},"end":{"line":8,"column":36}},"3":{"start":{"line":12,"column":2},"end":{"line":12,"column":34}},"4":{"start":{"line":15,"column":0},"end":{"line":19,"column":2}}},"fnMap":{"0":{"name":"getPayments","decl":{"start":{"line":3,"column":9},"end":{"line":3,"column":20}},"loc":{"start":{"line":3,"column":23},"end":{"line":5,"column":1}},"line":3},"1":{"name":"validate","decl":{"start":{"line":7,"column":9},"end":{"line":7,"column":17}},"loc":{"start":{"line":7,"column":24},"end":{"line":9,"column":1}},"line":7},"2":{"name":"create","decl":{"start":{"line":11,"column":9},"end":{"line":11,"column":15}},"loc":{"start":{"line":11,"column":18},"end":{"line":13,"column":1}},"line":11}},"branchMap":{},"s":{"0":2,"1":1,"2":1,"3":1,"4":2},"f":{"0":1,"1":1,"2":1},"b":{},"_coverageSchema":"1a1c01bbd47fc00a2c39e90264f33305004495a9","hash":"8e7e55712cf39297e41f4d6a1676342f3894e1c5"}
}
