TN:
SF:controllers/payment.controller.js
FN:3,createPayment
FN:8,getPaymentById
FN:10,(anonymous_2)
FN:13,getSummary
FN:16,(anonymous_4)
FN:26,getPaymentGroupedByPaymentGateway
FN:30,(anonymous_6)
FN:41,sortPaymentsByAmount
FN:44,(anonymous_8)
FNF:9
FNH:9
FNDA:1,createPayment
FNDA:1,getPaymentById
FNDA:1,(anonymous_2)
FNDA:1,getSummary
FNDA:8,(anonymous_4)
FNDA:1,getPaymentGroupedByPaymentGateway
FNDA:8,(anonymous_6)
FNDA:2,sortPaymentsByAmount
FNDA:23,(anonymous_8)
DA:1,1
DA:4,1
DA:5,1
DA:9,1
DA:10,1
DA:14,1
DA:15,1
DA:16,8
DA:19,1
DA:20,1
DA:27,1
DA:28,1
DA:30,1
DA:31,8
DA:32,2
DA:34,6
DA:38,1
DA:42,2
DA:44,2
DA:45,23
DA:50,2
DA:53,1
LF:22
LH:22
BRDA:31,0,0,2
BRDA:31,0,1,6
BRDA:41,1,0,1
BRDA:45,2,0,16
BRDA:45,2,1,7
BRF:5
BRH:5
end_of_record
TN:
SF:services/payment.service.js
FN:3,getPayments
FN:7,validate
FN:11,create
FNF:3
FNH:3
FNDA:1,getPayments
FNDA:1,validate
FNDA:1,create
DA:1,2
DA:4,1
DA:8,1
DA:12,1
DA:15,2
LF:5
LH:5
BRF:0
BRH:0
end_of_record
